[debug] [2020-12-21T19:20:52.259Z] ----------------------------------------------------------------------
[debug] [2020-12-21T19:20:52.262Z] Command:       C:\Program Files\nodejs\node.exe C:\Users\91888\AppData\Roaming\npm\node_modules\firebase-tools\lib\bin\firebase.js emulators:start
[debug] [2020-12-21T19:20:52.262Z] CLI Version:   8.17.0
[debug] [2020-12-21T19:20:52.262Z] Platform:      win32
[debug] [2020-12-21T19:20:52.263Z] Node Version:  v12.18.3
[debug] [2020-12-21T19:20:52.264Z] Time:          Tue Dec 22 2020 00:50:52 GMT+0530 (India Standard Time)
[debug] [2020-12-21T19:20:52.264Z] ----------------------------------------------------------------------
[debug] [2020-12-21T19:20:52.264Z] 
[debug] [2020-12-21T19:20:52.274Z] > command requires scopes: ["email","openid","https://www.googleapis.com/auth/cloudplatformprojects.readonly","https://www.googleapis.com/auth/firebase","https://www.googleapis.com/auth/cloud-platform"]
[debug] [2020-12-21T19:20:52.275Z] > authorizing via signed-in user
[info] i  emulators: Starting emulators: functions, hosting {"metadata":{"emulator":{"name":"hub"},"message":"Starting emulators: functions, hosting"}}
[debug] [2020-12-21T19:20:54.324Z] [hub] writing locator at C:\Users\91888\AppData\Local\Temp\hub-clone-6a438.json
[warn] !  functions: The following emulators are not running, calls to these services from the Functions emulator will affect production: auth, firestore, database, pubsub {"metadata":{"emulator":{"name":"functions"},"message":"The following emulators are not running, calls to these services from the Functions emulator will affect production: \u001b[1mauth, firestore, database, pubsub\u001b[22m"}}
[info] +  functions: Using node@12 from host. {"metadata":{"emulator":{"name":"functions"},"message":"Using node@12 from host."}}
[debug] [2020-12-21T19:20:56.391Z] defaultcredentials: writing to file C:\Users\91888\AppData\Roaming\firebase\chaitalitamboliya_gmail_com_application_default_credentials.json
[debug] [2020-12-21T19:20:56.396Z] Setting GAC to C:\Users\91888\AppData\Roaming\firebase\chaitalitamboliya_gmail_com_application_default_credentials.json {"metadata":{"emulator":{"name":"functions"},"message":"Setting GAC to C:\\Users\\91888\\AppData\\Roaming\\firebase\\chaitalitamboliya_gmail_com_application_default_credentials.json"}}
[debug] [2020-12-21T19:20:58.421Z] >>> HTTP REQUEST GET https://firebase.googleapis.com/v1beta1/projects/clone-6a438/webApps/-/config  
 
[debug] [2020-12-21T19:20:59.961Z] <<< HTTP RESPONSE 200 {"content-type":"application/json; charset=UTF-8","vary":"X-Origin, Referer, Origin,Accept-Encoding","date":"Mon, 21 Dec 2020 19:20:59 GMT","server":"ESF","cache-control":"private","x-xss-protection":"0","x-frame-options":"SAMEORIGIN","x-content-type-options":"nosniff","alt-svc":"h3-29=\":443\"; ma=2592000,h3-T051=\":443\"; ma=2592000,h3-Q050=\":443\"; ma=2592000,h3-Q046=\":443\"; ma=2592000,h3-Q043=\":443\"; ma=2592000,quic=\":443\"; ma=2592000; v=\"46,43\"","accept-ranges":"none","transfer-encoding":"chunked"}
[info] i  hosting: Serving hosting files from: build {"metadata":{"emulator":{"name":"hosting"},"message":"Serving hosting files from: \u001b[1mbuild\u001b[22m"}}
[info] +  hosting: Local server: http://localhost:5000 {"metadata":{"emulator":{"name":"hosting"},"message":"Local server: \u001b[4m\u001b[1mhttp://localhost:5000\u001b[22m\u001b[24m"}}
[warn] !  ui: Emulator UI unable to start on port 4000, starting on 4001 instead. {"metadata":{"emulator":{"name":"ui"},"message":"Emulator UI unable to start on port 4000, starting on 4001 instead."}}
[debug] [2020-12-21T19:21:03.076Z] Ignoring unsupported arg: auto_download {"metadata":{"emulator":{"name":"ui"},"message":"Ignoring unsupported arg: auto_download"}}
[debug] [2020-12-21T19:21:03.076Z] Ignoring unsupported arg: port {"metadata":{"emulator":{"name":"ui"},"message":"Ignoring unsupported arg: port"}}
[debug] [2020-12-21T19:21:03.076Z] Starting Emulator UI with command {"binary":"node","args":["C:\\Users\\91888\\.cache\\firebase\\emulators\\ui-v1.3.0\\server.bundle.js"],"optionalArgs":[],"joinArgs":false} {"metadata":{"emulator":{"name":"ui"},"message":"Starting Emulator UI with command {\"binary\":\"node\",\"args\":[\"C:\\\\Users\\\\91888\\\\.cache\\\\firebase\\\\emulators\\\\ui-v1.3.0\\\\server.bundle.js\"],\"optionalArgs\":[],\"joinArgs\":false}"}}
[info] i  ui: Emulator UI logging to ui-debug.log {"metadata":{"emulator":{"name":"ui"},"message":"Emulator UI logging to \u001b[1mui-debug.log\u001b[22m"}}
[debug] [2020-12-21T19:21:03.280Z] Web / API server started at http://localhost:4001
 {"metadata":{"emulator":{"name":"ui"},"message":"Web / API server started at http://localhost:4001\n"}}
[info] i  functions: Watching "E:\amazon-clone\functions" for Cloud Functions... {"metadata":{"emulator":{"name":"functions"},"message":"Watching \"E:\\amazon-clone\\functions\" for Cloud Functions..."}}
[debug] [2020-12-21T19:21:03.640Z] [worker-pool] addWorker(~diagnostic~) {"metadata":{"emulator":{"name":"functions"},"message":"[worker-pool] addWorker(~diagnostic~)"}}
[debug] [2020-12-21T19:21:03.641Z] [worker-pool] Adding worker with key ~diagnostic~, total=1 {"metadata":{"emulator":{"name":"functions"},"message":"[worker-pool] Adding worker with key ~diagnostic~, total=1"}}
[debug] [2020-12-21T19:21:03.642Z] [worker-pool] submitWork(triggerId=) {"metadata":{"emulator":{"name":"functions"},"message":"[worker-pool] submitWork(triggerId=)"}}
[debug] [2020-12-21T19:21:03.643Z] [worker-~diagnostic~-631d24bc-8a6d-4e18-84ab-d4d5f0e1c8da]: Assigning socketPath: \\?\pipe\E:\amazon-clone\functions\20968 {"metadata":{"emulator":{"name":"functions"},"message":"[worker-~diagnostic~-631d24bc-8a6d-4e18-84ab-d4d5f0e1c8da]: Assigning socketPath: \\\\?\\pipe\\E:\\amazon-clone\\functions\\20968"}}
[debug] [2020-12-21T19:21:03.645Z] [worker-~diagnostic~-631d24bc-8a6d-4e18-84ab-d4d5f0e1c8da]: BUSY {"metadata":{"emulator":{"name":"functions"},"message":"[worker-~diagnostic~-631d24bc-8a6d-4e18-84ab-d4d5f0e1c8da]: BUSY"}}
[debug] [2020-12-21T19:21:04.026Z] [runtime-status] [20968] Functions runtime initialized. {"cwd":"E:\\amazon-clone\\functions","node_version":"12.18.3"} {"metadata":{"emulator":{"name":"functions"},"message":"[runtime-status] [20968] Functions runtime initialized. {\"cwd\":\"E:\\\\amazon-clone\\\\functions\",\"node_version\":\"12.18.3\"}"}}
[debug] [2020-12-21T19:21:04.027Z] [runtime-status] [20968] Disabled runtime features: undefined {"metadata":{"emulator":{"name":"functions"},"message":"[runtime-status] [20968] Disabled runtime features: undefined"}}
[debug] [2020-12-21T19:21:04.031Z] [runtime-status] [20968] Resolved module firebase-admin {"declared":true,"installed":true,"version":"9.4.2","resolution":"E:\\amazon-clone\\functions\\node_modules\\firebase-admin\\lib\\index.js"} {"metadata":{"emulator":{"name":"functions"},"message":"[runtime-status] [20968] Resolved module firebase-admin {\"declared\":true,\"installed\":true,\"version\":\"9.4.2\",\"resolution\":\"E:\\\\amazon-clone\\\\functions\\\\node_modules\\\\firebase-admin\\\\lib\\\\index.js\"}"}}
[debug] [2020-12-21T19:21:04.033Z] [runtime-status] [20968] Resolved module firebase-functions {"declared":true,"installed":true,"version":"3.13.0","resolution":"E:\\amazon-clone\\functions\\node_modules\\firebase-functions\\lib\\index.js"} {"metadata":{"emulator":{"name":"functions"},"message":"[runtime-status] [20968] Resolved module firebase-functions {\"declared\":true,\"installed\":true,\"version\":\"3.13.0\",\"resolution\":\"E:\\\\amazon-clone\\\\functions\\\\node_modules\\\\firebase-functions\\\\lib\\\\index.js\"}"}}
[debug] [2020-12-21T19:21:04.034Z] [runtime-status] [20968] Resolved module firebase-functions {"declared":true,"installed":true,"version":"3.13.0","resolution":"E:\\amazon-clone\\functions\\node_modules\\firebase-functions\\lib\\index.js"} {"metadata":{"emulator":{"name":"functions"},"message":"[runtime-status] [20968] Resolved module firebase-functions {\"declared\":true,\"installed\":true,\"version\":\"3.13.0\",\"resolution\":\"E:\\\\amazon-clone\\\\functions\\\\node_modules\\\\firebase-functions\\\\lib\\\\index.js\"}"}}
[debug] [2020-12-21T19:21:04.036Z] [runtime-status] [20968] Outgoing network have been stubbed. [{"name":"http","status":"mocked"},{"name":"http","status":"mocked"},{"name":"https","status":"mocked"},{"name":"https","status":"mocked"},{"name":"net","status":"mocked"}] {"metadata":{"emulator":{"name":"functions"},"message":"[runtime-status] [20968] Outgoing network have been stubbed. [{\"name\":\"http\",\"status\":\"mocked\"},{\"name\":\"http\",\"status\":\"mocked\"},{\"name\":\"https\",\"status\":\"mocked\"},{\"name\":\"https\",\"status\":\"mocked\"},{\"name\":\"net\",\"status\":\"mocked\"}]"}}
[debug] [2020-12-21T19:21:04.037Z] [runtime-status] [20968] Resolved module firebase-functions {"declared":true,"installed":true,"version":"3.13.0","resolution":"E:\\amazon-clone\\functions\\node_modules\\firebase-functions\\lib\\index.js"} {"metadata":{"emulator":{"name":"functions"},"message":"[runtime-status] [20968] Resolved module firebase-functions {\"declared\":true,\"installed\":true,\"version\":\"3.13.0\",\"resolution\":\"E:\\\\amazon-clone\\\\functions\\\\node_modules\\\\firebase-functions\\\\lib\\\\index.js\"}"}}
[debug] [2020-12-21T19:21:04.102Z] [runtime-status] [20968] Checked functions.config() {"config":{}} {"metadata":{"emulator":{"name":"functions"},"message":"[runtime-status] [20968] Checked functions.config() {\"config\":{}}"}}
[debug] [2020-12-21T19:21:04.102Z] [runtime-status] [20968] firebase-functions has been stubbed. {"functionsResolution":{"declared":true,"installed":true,"version":"3.13.0","resolution":"E:\\amazon-clone\\functions\\node_modules\\firebase-functions\\lib\\index.js"}} {"metadata":{"emulator":{"name":"functions"},"message":"[runtime-status] [20968] firebase-functions has been stubbed. {\"functionsResolution\":{\"declared\":true,\"installed\":true,\"version\":\"3.13.0\",\"resolution\":\"E:\\\\amazon-clone\\\\functions\\\\node_modules\\\\firebase-functions\\\\lib\\\\index.js\"}}"}}
[debug] [2020-12-21T19:21:04.103Z] [runtime-status] [20968] Resolved module firebase-functions {"declared":true,"installed":true,"version":"3.13.0","resolution":"E:\\amazon-clone\\functions\\node_modules\\firebase-functions\\lib\\index.js"} {"metadata":{"emulator":{"name":"functions"},"message":"[runtime-status] [20968] Resolved module firebase-functions {\"declared\":true,\"installed\":true,\"version\":\"3.13.0\",\"resolution\":\"E:\\\\amazon-clone\\\\functions\\\\node_modules\\\\firebase-functions\\\\lib\\\\index.js\"}"}}
[debug] [2020-12-21T19:21:04.105Z] [runtime-status] [20968] Resolved module firebase-admin {"declared":true,"installed":true,"version":"9.4.2","resolution":"E:\\amazon-clone\\functions\\node_modules\\firebase-admin\\lib\\index.js"} {"metadata":{"emulator":{"name":"functions"},"message":"[runtime-status] [20968] Resolved module firebase-admin {\"declared\":true,\"installed\":true,\"version\":\"9.4.2\",\"resolution\":\"E:\\\\amazon-clone\\\\functions\\\\node_modules\\\\firebase-admin\\\\lib\\\\index.js\"}"}}
[debug] [2020-12-21T19:21:04.105Z] [runtime-status] [20968] Resolved module firebase-functions {"declared":true,"installed":true,"version":"3.13.0","resolution":"E:\\amazon-clone\\functions\\node_modules\\firebase-functions\\lib\\index.js"} {"metadata":{"emulator":{"name":"functions"},"message":"[runtime-status] [20968] Resolved module firebase-functions {\"declared\":true,\"installed\":true,\"version\":\"3.13.0\",\"resolution\":\"E:\\\\amazon-clone\\\\functions\\\\node_modules\\\\firebase-functions\\\\lib\\\\index.js\"}"}}
[debug] [2020-12-21T19:21:04.106Z] [runtime-status] [20968] firebase-admin has been stubbed. {"adminResolution":{"declared":true,"installed":true,"version":"9.4.2","resolution":"E:\\amazon-clone\\functions\\node_modules\\firebase-admin\\lib\\index.js"}} {"metadata":{"emulator":{"name":"functions"},"message":"[runtime-status] [20968] firebase-admin has been stubbed. {\"adminResolution\":{\"declared\":true,\"installed\":true,\"version\":\"9.4.2\",\"resolution\":\"E:\\\\amazon-clone\\\\functions\\\\node_modules\\\\firebase-admin\\\\lib\\\\index.js\"}}"}}
[warn] !  Error: Cannot find module 'stripe'
Require stack:
- E:\amazon-clone\functions\index.js
- C:\Users\91888\AppData\Roaming\npm\node_modules\firebase-tools\lib\emulator\functionsEmulatorRuntime.js
    at Function.Module._resolveFilename (internal/modules/cjs/loader.js:965:15)
    at Function.Module._load (internal/modules/cjs/loader.js:841:27)
    at Module.require (internal/modules/cjs/loader.js:1025:19)
    at require (internal/modules/cjs/helpers.js:72:18)
    at Object.<anonymous> (E:\amazon-clone\functions\index.js:5:16)
    at Module._compile (internal/modules/cjs/loader.js:1137:30)
    at Object.Module._extensions..js (internal/modules/cjs/loader.js:1157:10)
    at Module.load (internal/modules/cjs/loader.js:985:32)
    at Function.Module._load (internal/modules/cjs/loader.js:878:14)
    at Module.require (internal/modules/cjs/loader.js:1025:19) {"metadata":{"emulator":{"name":"functions"},"message":"Error: Cannot find module 'stripe'\nRequire stack:\n- E:\\amazon-clone\\functions\\index.js\n- C:\\Users\\91888\\AppData\\Roaming\\npm\\node_modules\\firebase-tools\\lib\\emulator\\functionsEmulatorRuntime.js\n    at Function.Module._resolveFilename (internal/modules/cjs/loader.js:965:15)\n    at Function.Module._load (internal/modules/cjs/loader.js:841:27)\n    at Module.require (internal/modules/cjs/loader.js:1025:19)\n    at require (internal/modules/cjs/helpers.js:72:18)\n    at Object.<anonymous> (E:\\amazon-clone\\functions\\index.js:5:16)\n    at Module._compile (internal/modules/cjs/loader.js:1137:30)\n    at Object.Module._extensions..js (internal/modules/cjs/loader.js:1157:10)\n    at Module.load (internal/modules/cjs/loader.js:985:32)\n    at Function.Module._load (internal/modules/cjs/loader.js:878:14)\n    at Module.require (internal/modules/cjs/loader.js:1025:19)"}}
[warn] !  We were unable to load your functions code. (see above) {"metadata":{"emulator":{"name":"functions"}}}
[debug] [2020-12-21T19:21:04.297Z] [worker-~diagnostic~-631d24bc-8a6d-4e18-84ab-d4d5f0e1c8da]: exited {"metadata":{"emulator":{"name":"functions"},"message":"[worker-~diagnostic~-631d24bc-8a6d-4e18-84ab-d4d5f0e1c8da]: exited"}}
[debug] [2020-12-21T19:21:04.297Z] [worker-~diagnostic~-631d24bc-8a6d-4e18-84ab-d4d5f0e1c8da]: FINISHED {"metadata":{"emulator":{"name":"functions"},"message":"[worker-~diagnostic~-631d24bc-8a6d-4e18-84ab-d4d5f0e1c8da]: FINISHED"}}
